<?xml version="1.0" encoding="utf-8" standalone="no"?>
<!--This file represents the results of running a test suite-->
<test-results name="E:\GIT\AleksanderGalkin\WCF\WCFService\WFCService.csproj" total="0" errors="0" failures="0" not-run="0" inconclusive="0" ignored="0" skipped="0" invalid="0" date="2015-03-01" time="17:21:08">
  <environment nunit-version="2.6.3.13283" clr-version="2.0.50727.5420" os-version="Microsoft Windows NT 6.1.7601 Service Pack 1" platform="Win32NT" cwd="E:\GIT\AleksanderGalkin\WCF\WCFService" machine-name="OGK-WD-128" user="GalkinAP" user-domain="MOS" />
  <culture-info current-culture="ru-RU" current-uiculture="ru-RU" />
  <test-suite type="Project" name="E:\GIT\AleksanderGalkin\WCF\WCFService\WFCService.csproj" executed="True" result="Inconclusive" success="False" time="0.022" asserts="0">
    <results>
      <test-suite type="Assembly" name="E:\GIT\AleksanderGalkin\WCF\WCFService\bin\Debug\WCFService.exe" executed="True" result="Inconclusive" success="False" time="0.004" asserts="0" />
    </results>
  </test-suite>
</test-results>